make.exe all --print-data-base --no-builtin-variables --no-builtin-rules --question
# GNU Make 4.3
# Built for Windows32
# Copyright (C) 1988-2020 Free Software Foundation, Inc.
# License GPLv3+: GNU GPL version 3 or later <http://gnu.org/licenses/gpl.html>
# This is free software: you are free to change and redistribute it.
# There is NO WARRANTY, to the extent permitted by law.

# Make data base, printed on Wed Aug 17 07:47:10 2022

# Variables

# environment
FPS_BROWSER_APP_PROFILE_STRING = Internet Explorer
# environment
SYSTEMDRIVE = C:
# environment
LC_ALL = C
# environment
ACSVCPORT = 17532
# environment
USERPROFILE = C:\Users\maxge
# environment
LOCALAPPDATA = C:\Users\maxge\AppData\Local
# environment
VSCODE_CWD = C:\Windows\System32
# environment
CHOCOLATEYINSTALL = C:\ProgramData\chocolatey
# environment
SYSTEMROOT = C:\Windows
# makefile (from 'Makefile', line 4)
LIBS =  
-Lsrc/lib -lsfml-graphics -lsfml-window -lsfml-system
# environment
PROCESSOR_LEVEL = 23
# environment
PSMODULEPATH = C:\Program Files\WindowsPowerShell\Modules;C:\Windows\system32\WindowsPowerShell\v1.0\Modules
# default
MAKE_COMMAND := C:/ProgramData/chocolatey/lib/make/tools/install/bin/make.exe
# automatic
@D = $(patsubst %/,%,$(patsubst %\,%,$(dir $@)))
# environment
CHROME_CRASHPAD_PIPE_NAME = \\.\pipe\crashpad_11384_QVDSPWREAHQZMCKZ
# makefile (from 'Makefile', line 9)
CPPFILES = main.cpp Game.cpp
# environment
FPS_BROWSER_USER_PROFILE_STRING = Default
# environment
VSCODE_HANDLES_UNCAUGHT_ERRORS = true
# default
.VARIABLES := 
# makefile (from 'Makefile', line 13)
BINARY = app
# automatic
%D = $(patsubst %/,%,$(patsubst %\,%,$(dir $%)))
# automatic
^D = $(patsubst %/,%,$(patsubst %\,%,$(dir $^)))
# automatic
%F = $(notdir $%)
# environment
VSCODE_CODE_CACHE_PATH = C:\Users\maxge\AppData\Roaming\Code\CachedData\6d9b74a70ca9c7733b29f0456fd8195364076dda
# environment
LANG = C
# default
.LOADED := 
# environment
TMP = C:\Users\maxge\AppData\Local\Temp
# default
.INCLUDE_DIRS = .
# environment
PROCESSOR_ARCHITEW6432 = AMD64
# makefile
MAKEFLAGS = pqrR
# environment
ONEDRIVE = C:\Users\maxge\OneDrive
# makefile
CURDIR := d:/Users/maxge/Code/Projects/IWantToKillMyself
# environment
APPLICATION_INSIGHTS_NO_DIAGNOSTIC_CHANNEL = true
# automatic
*D = $(patsubst %/,%,$(patsubst %\,%,$(dir $*)))
# environment
PROGRAMFILES = C:\Program Files (x86)
# environment
MFLAGS = -pqrR
# default
.SHELLFLAGS := -c
# environment
COMMONPROGRAMW6432 = C:\Program Files\Common Files
# automatic
+D = $(patsubst %/,%,$(patsubst %\,%,$(dir $+)))
# makefile (from 'Makefile', line 1)
MAKEFILE_LIST := Makefile
# automatic
@F = $(notdir $@)
# environment
VSCODE_PID = 11384
# automatic
?D = $(patsubst %/,%,$(patsubst %\,%,$(dir $?)))
# automatic
*F = $(notdir $*)
# automatic
<D = $(patsubst %/,%,$(patsubst %\,%,$(dir $<)))
# environment
VSCODE_NLS_CONFIG = {"locale":"en-us","availableLanguages":{},"_languagePackSupport":true}
# default
MAKE_HOST := Windows32
# environment
PROGRAMDATA = C:\ProgramData
# default
SHELL := sh.exe
# environment
HOMEPATH = \Users\maxge
# default
MAKECMDGOALS := all
# environment
ACSETUPSVCPORT = 23210
# environment
DRIVERDATA = C:\Windows\System32\Drivers\DriverData
# environment
COMSPEC = C:\Windows\system32\cmd.exe
# environment
WINDIR = C:\Windows
# environment
MAKELEVEL := 0
# environment
MAKE = C:\Program Files (x86)\GnuWin32
# environment
PATH = C:\Windows\system32;C:\Windows;C:\Windows\System32\Wbem;C:\Windows\System32\WindowsPowerShell\v1.0\;C:\Windows\System32\OpenSSH\;C:\Program Files\Git\cmd;C:\Program Files\dotnet\;C:\ProgramData\chocolatey\bin;C:\Users\maxge\AppData\Local\Programs\Python\Python310\Scripts\;C:\Users\maxge\AppData\Local\Programs\Python\Python310\;C:\Users\maxge\AppData\Local\Microsoft\WindowsApps;C:\Users\maxge\AppData\Local\Programs\Microsoft VS Code\bin;C:\MinGW\bin;C:\MinGW\;C:\Users\maxge\AppData\Local\Programs\Python;C:\Users\maxge\.dotnet\tools;C:\Program Files\CMake\bin;C:\Users\maxge\AppData\Local\GitHubDesktop\bin
# environment
COMPUTERNAME = WHITESPACENEGAT
# default
MAKEFILES := 
# automatic
^F = $(notdir $^)
# environment
PROMPT = $P$G
# environment
CHOCOLATEYLASTPATHUPDATE = 133005626410305102
# makefile (from 'Makefile', line 3)
INCL = -Isrc/include
# environment
LOGONSERVER = \\WHITESPACENEGAT
# environment
USERNAME = maxge
# environment
COMMONPROGRAMFILES = C:\Program Files (x86)\Common Files
# automatic
?F = $(notdir $?)
# environment
PROGRAMW6432 = C:\Program Files
# environment
PATHEXT = .COM;.EXE;.BAT;.CMD;.VBS;.VBE;.JS;.JSE;.WSF;.WSH;.MSC
# automatic
+F = $(notdir $+)
# environment
ORIGINAL_XDG_CURRENT_DESKTOP = undefined
# makefile (from 'Makefile', line 11)
OBJECTS = main.o Game.o
# environment
USERDOMAIN = WHITESPACENEGAT
# 'override' directive
GNUMAKEFLAGS := 
# environment
OS = Windows_NT
# makefile (from 'Makefile', line 6)
OPT = -O0
# environment
AMDRMSDKPATH = C:\Program Files\AMD\RyzenMasterSDK\
# makefile
.DEFAULT_GOAL := all
# default
MAKE_VERSION := 4.3
# environment
RLSSVCPORT = 22112
# environment
PROGRAMFILES(X86) = C:\Program Files (x86)
# environment
USERDOMAIN_ROAMINGPROFILE = WHITESPACENEGAT
# environment
NUMBER_OF_PROCESSORS = 12
# environment
PUBLIC = C:\Users\Public
# environment
APPDATA = C:\Users\maxge\AppData\Roaming
# environment
HOMEDRIVE = C:
# environment
PROCESSOR_ARCHITECTURE = x86
# environment
VSCODE_AMD_ENTRYPOINT = vs/workbench/api/node/extensionHostProcess
# environment
COMMONPROGRAMFILES(X86) = C:\Program Files (x86)\Common Files
# environment
ELECTRON_RUN_AS_NODE = 1
# environment
TEMP = C:\Users\maxge\AppData\Local\Temp
# environment
VSCODE_IPC_HOOK = \\.\pipe\dc9de2be27941e54872e45135a700095-1.70.1-main-sock
# default
.RECIPEPREFIX := 
# automatic
<F = $(notdir $<)
# default
SUFFIXES := 
# environment
ALLUSERSPROFILE = C:\ProgramData
# environment
SESSIONNAME = Console
# default
.FEATURES := target-specific order-only second-expansion else-if shortest-stem undefine oneshell nocomment grouped-target extra-prereqs archives jobserver output-sync load
# environment
PROCESSOR_REVISION = 7100
# makefile (from 'Makefile', line 2)
CC = g++
# environment
PROCESSOR_IDENTIFIER = AMD64 Family 23 Model 113 Stepping 0, AuthenticAMD
# environment
VCPKG_DEFAULT_TRIPLET = x64-windows
# variable set hash-table stats:
# Load=103/1024=10%, Rehash=0, Collisions=18/140=13%

# Pattern-specific Variable Values

# No pattern-specific variable values.

# Directories

# . (key d:/Users/maxge/Code/Projects/IWantToKillMyself, mtime 1660693594): 24 files, no impossibilities.

# 24 files, no impossibilities in 1 directories.

# Implicit Rules

%.o: %.cpp
#  recipe to execute (from 'Makefile', line 24):
	$(CC) -c -o $@ $< $(INCL)

# 1 implicit rules, 0 (0.0%) terminal.
# Files

app: main.o Game.o
#  Implicit rule search has not been done.
#  File does not exist.
#  File has been updated.
#  Needs to be updated (-q is set).
# variable set hash-table stats:
# Load=0/32=0%, Rehash=0, Collisions=0/5=0%
#  recipe to execute (from 'Makefile', line 20):
	$(CC) -o $@ $^ $(LIBS)

# Not a target:
Makefile:
#  Implicit rule search has been done.
#  Last modified 2022-07-04 11:30:16
#  File has been updated.
#  Successfully updated.

clean:
#  Implicit rule search has not been done.
#  Modification time never checked.
#  File has not been updated.
#  recipe to execute (from 'Makefile', line 32):
	rm -rf $(BINARY) $(OBJECTS)

# Not a target:
.DEFAULT:
#  Implicit rule search has not been done.
#  Modification time never checked.
#  File has not been updated.

Game.o: Game.hpp
#  Implicit rule search has not been done.
#  Modification time never checked.
#  File has not been updated.

all: app
#  Command line target.
#  Implicit rule search has been done.
#  File does not exist.
#  File has been updated.
#  Needs to be updated (-q is set).
# variable set hash-table stats:
# Load=0/32=0%, Rehash=0, Collisions=0/5=0%

# Not a target:
main.cpp:
#  Implicit rule search has been done.
#  Last modified 2022-08-16 19:50:47
#  File has been updated.
#  Successfully updated.

main.o: main.cpp Game.hpp
#  Implicit rule search has been done.
#  Implicit/static pattern stem: 'main'
#  Last modified 2022-08-16 19:46:34
#  File has been updated.
#  Needs to be updated (-q is set).
# automatic
# @ := main.o
# automatic
# * := main
# automatic
# < := main.cpp
# automatic
# + := main.cpp Game.hpp
# automatic
# % := 
# automatic
# ^ := main.cpp Game.hpp
# automatic
# ? := main.cpp
# automatic
# | := 
# variable set hash-table stats:
# Load=8/32=25%, Rehash=0, Collisions=2/15=13%
#  recipe to execute (from 'Makefile', line 24):
	$(CC) -c -o $@ $< $(INCL)

# Not a target:
Game.hpp:
#  Implicit rule search has been done.
#  Last modified 2022-07-11 09:46:42
#  File has been updated.
#  Successfully updated.

# files hash-table stats:
# Load=10/1024=1%, Rehash=0, Collisions=0/31=0%
# VPATH Search Paths

# No 'vpath' search paths.

# No general ('VPATH' variable) search path.

# strcache buffers: 1 (0) / strings = 32 / storage = 341 B / avg = 10 B
# current buf: size = 8174 B / used = 341 B / count = 32 / avg = 10 B

 
# strcache performance: lookups = 50 / hit rate = 36%
# hash-table stats:
# Load=32/8192=0%, Rehash=0, Collisions=0/50=0%
# Finished Make data base on Wed Aug 17 07:47:10 2022

 
